<?xml version="1.0" encoding="UTF-8"?>
<!-- Generated by org.testng.reporters.JUnitReportReporter -->
<testsuite hostname="DESKTOP-H9AB4PT" failures="0" tests="1" name="com.actitime.generic.DemoTesting" time="0.011" errors="0" timestamp="2023-07-19T18:34:18 IST" skipped="0">
  <testcase classname="com.actitime.generic.DemoTesting" name="demo" time="0.011">
    <system-out>
      <![CDATA[welcome to testNG]]>
    </system-out>
  </testcase> <!-- demo -->
  <system-out>
    <![CDATA[welcome to testNG]]>
  </system-out>
</testsuite> <!-- com.actitime.generic.DemoTesting -->
