<?xml version="1.0" encoding="UTF-8"?>
<!-- Generated by org.testng.reporters.JUnitReportReporter -->
<testsuite hostname="DESKTOP-H9AB4PT" failures="0" tests="1" name="com.actitime.testscript.ProjectModule" time="0.019" errors="0" timestamp="2023-07-21T22:13:14 IST" skipped="0">
  <testcase classname="com.actitime.testscript.ProjectModule" name="deleteproject" time="0.019">
    <system-out>
      <![CDATA[deleteproject]]>
    </system-out>
  </testcase> <!-- deleteproject -->
  <system-out>
    <![CDATA[deleteproject
Create Customer
delete customer]]>
  </system-out>
</testsuite> <!-- com.actitime.testscript.ProjectModule -->
